<?xml version="1.0" encoding="UTF-8"?>
<testsuite xmlns:xsi="http://www.w3.org/2001/XMLSchema-instance" xsi:noNamespaceSchemaLocation="https://maven.apache.org/surefire/maven-surefire-plugin/xsd/surefire-test-report-3.0.xsd" version="3.0" name="com.shared_goal_service.shared_goal.SharedGoalApplicationTests" time="5.748" tests="1" errors="0" skipped="0" failures="0">
  <properties>
[...]
</properties>
  <testcase name="contextLoads" classname="com.shared_goal_service.shared_goal.SharedGoalApplicationTests" time="0.746">
    <system-out><![CDATA[11:44:09.167 [main] INFO org.springframework.test.context.support.AnnotationConfigContextLoaderUtils -- Could not detect default configuration classes for test class [com.shared_goal_service.shared_goal.SharedGoalApplicationTests]: SharedGoalApplicationTests does not declare any static, non-private, non-final, nested classes annotated with @Configuration.
11:44:09.206 [main] INFO org.springframework.boot.test.context.SpringBootTestContextBootstrapper -- Found @SpringBootConfiguration com.shared_goal_service.shared_goal.SharedGoalApplication for test class com.shared_goal_service.shared_goal.SharedGoalApplicationTests
11:44:09.261 [main] INFO org.springframework.boot.devtools.restart.RestartApplicationListener -- Restart disabled due to context in which it is running

  .   ____          _            __ _ _
 /\\ / ___'_ __ _ _(_)_ __  __ _ \ \ \ \
( ( )\___ | '_ | '_| | '_ \/ _` | \ \ \ \
 \\/  ___)| |_)| | | | | || (_| |  ) ) ) )
  '  |____| .__|_| |_|_| |_\__, | / / / /
 =========|_|==============|___/=/_/_/_/
 :: Spring Boot ::                (v3.2.7)

2024-07-25T11:44:09.411+05:30  INFO 6068 --- [shared-goal] [           main] c.s.s.SharedGoalApplicationTests         : Starting SharedGoalApplicationTests using Java 22.0.1 with PID 6068 (started by priyankapc in /Users/priyankapc/Documents/goal-share)
2024-07-25T11:44:09.412+05:30  INFO 6068 --- [shared-goal] [           main] c.s.s.SharedGoalApplicationTests         : No active profile set, falling back to 1 default profile: "default"
2024-07-25T11:44:09.663+05:30  INFO 6068 --- [shared-goal] [           main] .s.d.r.c.RepositoryConfigurationDelegate : Bootstrapping Spring Data JPA repositories in DEFAULT mode.
2024-07-25T11:44:09.686+05:30  INFO 6068 --- [shared-goal] [           main] .s.d.r.c.RepositoryConfigurationDelegate : Finished Spring Data repository scanning in 19 ms. Found 4 JPA repository interfaces.
2024-07-25T11:44:09.864+05:30  INFO 6068 --- [shared-goal] [           main] o.hibernate.jpa.internal.util.LogHelper  : HHH000204: Processing PersistenceUnitInfo [name: default]
2024-07-25T11:44:09.887+05:30  INFO 6068 --- [shared-goal] [           main] org.hibernate.Version                    : HHH000412: Hibernate ORM core version 6.4.9.Final
2024-07-25T11:44:09.899+05:30  INFO 6068 --- [shared-goal] [           main] o.h.c.internal.RegionFactoryInitiator    : HHH000026: Second-level cache disabled
2024-07-25T11:44:09.984+05:30  INFO 6068 --- [shared-goal] [           main] o.s.o.j.p.SpringPersistenceUnitInfo      : No LoadTimeWeaver setup: ignoring JPA class transformer
2024-07-25T11:44:09.995+05:30  WARN 6068 --- [shared-goal] [           main] org.hibernate.orm.deprecation            : HHH90000025: PostgreSQLDialect does not need to be specified explicitly using 'hibernate.dialect' (remove the property setting and it will be selected by default)
2024-07-25T11:44:10.336+05:30  INFO 6068 --- [shared-goal] [           main] o.h.e.t.j.p.i.JtaPlatformInitiator       : HHH000489: No JTA platform available (set 'hibernate.transaction.jta.platform' to enable JTA platform integration)
2024-07-25T11:44:10.341+05:30  INFO 6068 --- [shared-goal] [           main] com.zaxxer.hikari.HikariDataSource       : HikariPool-1 - Starting...
2024-07-25T11:44:12.139+05:30  INFO 6068 --- [shared-goal] [           main] com.zaxxer.hikari.pool.HikariPool        : HikariPool-1 - Added connection org.postgresql.jdbc.PgConnection@f13e0a2
2024-07-25T11:44:12.142+05:30  INFO 6068 --- [shared-goal] [           main] com.zaxxer.hikari.HikariDataSource       : HikariPool-1 - Start completed.
2024-07-25T11:44:13.298+05:30  INFO 6068 --- [shared-goal] [           main] j.LocalContainerEntityManagerFactoryBean : Initialized JPA EntityManagerFactory for persistence unit 'default'
2024-07-25T11:44:13.458+05:30  INFO 6068 --- [shared-goal] [           main] o.s.d.j.r.query.QueryEnhancerFactory     : Hibernate is in classpath; If applicable, HQL parser will be used.
2024-07-25T11:44:13.711+05:30  WARN 6068 --- [shared-goal] [           main] JpaBaseConfiguration$JpaWebConfiguration : spring.jpa.open-in-view is enabled by default. Therefore, database queries may be performed during view rendering. Explicitly configure spring.jpa.open-in-view to disable this warning
2024-07-25T11:44:13.827+05:30  INFO 6068 --- [shared-goal] [           main] o.s.s.web.DefaultSecurityFilterChain     : Will secure any request with [org.springframework.security.web.session.DisableEncodeUrlFilter@37bafef8, org.springframework.security.web.context.request.async.WebAsyncManagerIntegrationFilter@2a6b6f4, org.springframework.security.web.context.SecurityContextHolderFilter@77c66ac2, org.springframework.security.web.header.HeaderWriterFilter@3f1b4a14, org.springframework.security.web.authentication.logout.LogoutFilter@24c4370a, org.springframework.security.web.authentication.www.BasicAuthenticationFilter@1915879c, org.springframework.security.web.savedrequest.RequestCacheAwareFilter@27a717a7, org.springframework.security.web.servletapi.SecurityContextHolderAwareRequestFilter@47858d7c, org.springframework.security.web.authentication.AnonymousAuthenticationFilter@11636d43, org.springframework.security.web.access.ExceptionTranslationFilter@38f1f6c9, org.springframework.security.web.access.intercept.AuthorizationFilter@7d2ccd7f]
2024-07-25T11:44:13.924+05:30  INFO 6068 --- [shared-goal] [           main] c.g.c.s.core.DefaultCredentialsProvider  : Default credentials provider for user 764086051850-6qr4p6gpi6hn506pt8ejuq83di341hur.apps.googleusercontent.com
2024-07-25T11:44:13.924+05:30  INFO 6068 --- [shared-goal] [           main] c.g.c.s.core.DefaultCredentialsProvider  : Scopes in use by default credentials: [https://www.googleapis.com/auth/pubsub, https://www.googleapis.com/auth/spanner.admin, https://www.googleapis.com/auth/spanner.data, https://www.googleapis.com/auth/datastore, https://www.googleapis.com/auth/sqlservice.admin, https://www.googleapis.com/auth/devstorage.read_only, https://www.googleapis.com/auth/devstorage.read_write, https://www.googleapis.com/auth/cloudruntimeconfig, https://www.googleapis.com/auth/trace.append, https://www.googleapis.com/auth/cloud-platform, https://www.googleapis.com/auth/cloud-vision, https://www.googleapis.com/auth/bigquery, https://www.googleapis.com/auth/monitoring.write]
2024-07-25T11:44:13.972+05:30  INFO 6068 --- [shared-goal] [           main] c.g.c.s.a.c.GcpContextAutoConfiguration  : The default project ID is share-goal-429616
2024-07-25T11:44:14.083+05:30  INFO 6068 --- [shared-goal] [           main] c.s.s.SharedGoalApplicationTests         : Started SharedGoalApplicationTests in 4.827 seconds (process running for 5.245)
]]></system-out>
    <system-err><![CDATA[WARNING: A Java agent has been loaded dynamically (/Users/priyankapc/.m2/repository/net/bytebuddy/byte-buddy-agent/1.14.17/byte-buddy-agent-1.14.17.jar)
WARNING: If a serviceability tool is in use, please run with -XX:+EnableDynamicAgentLoading to hide this warning
WARNING: If a serviceability tool is not in use, please run with -Djdk.instrument.traceUsage for more information
WARNING: Dynamic loading of agents will be disallowed by default in a future release
]]></system-err>
  </testcase>
</testsuite>